빌드 시작: 2015-05-06 오후 3:13:11
     1>2 노드의 "C:\Users\onedang2\Desktop\graduation\opencv\finger\trackwithline\trackwithline.vcxproj" 프로젝트(build 대상)입니다.
     1>InitializeBuildStatus:
         "Debug\trackwithline.unsuccessfulbuild"에 연결(touching)하고 있습니다.
       ClCompile:
         C:\Program Files\Microsoft Visual Studio 10.0\VC\bin\CL.exe /c /I"C:\Program Files\opencv\opencv\build\include" /ZI /nologo /W3 /WX- /Od /Oy- /D WIN32 /D _DEBUG /D _CONSOLE /D _UNICODE /D UNICODE /Gm /EHsc /RTC1 /MDd /GS /fp:precise /Zc:wchar_t /Zc:forScope /Fo"Debug\\" /Fd"Debug\vc100.pdb" /Gd /TP /analyze- /errorReport:prompt handGesture.cpp
         handGesture.cpp
     1>c:\users\onedang2\desktop\graduation\opencv\finger\trackwithline\handgesture.cpp(49): warning C4244: '초기화 중' : 'double'에서 'int'(으)로 변환하면서 데이터가 손실될 수 있습니다.
     1>c:\users\onedang2\desktop\graduation\opencv\finger\trackwithline\handgesture.cpp(50): warning C4244: '초기화 중' : 'double'에서 'int'(으)로 변환하면서 데이터가 손실될 수 있습니다.
     1>c:\users\onedang2\desktop\graduation\opencv\finger\trackwithline\handgesture.cpp(59): warning C4244: '인수' : 'double'에서 'int'(으)로 변환하면서 데이터가 손실될 수 있습니다.
     1>c:\users\onedang2\desktop\graduation\opencv\finger\trackwithline\handgesture.cpp(59): warning C4244: '인수' : 'double'에서 'int'(으)로 변환하면서 데이터가 손실될 수 있습니다.
     1>c:\users\onedang2\desktop\graduation\opencv\finger\trackwithline\handgesture.cpp(92): warning C4018: '<' : signed 또는 unsigned가 일치하지 않습니다.
     1>c:\users\onedang2\desktop\graduation\opencv\finger\trackwithline\handgesture.cpp(93): warning C4018: '<' : signed 또는 unsigned가 일치하지 않습니다.
     1>c:\users\onedang2\desktop\graduation\opencv\finger\trackwithline\handgesture.cpp(110): warning C4018: '<' : signed 또는 unsigned가 일치하지 않습니다.
     1>c:\users\onedang2\desktop\graduation\opencv\finger\trackwithline\handgesture.cpp(138): warning C4018: '<' : signed 또는 unsigned가 일치하지 않습니다.
     1>c:\users\onedang2\desktop\graduation\opencv\finger\trackwithline\handgesture.cpp(175): warning C4244: '초기화 중' : 'int'에서 'float'(으)로 변환하면서 데이터가 손실될 수 있습니다.
     1>c:\users\onedang2\desktop\graduation\opencv\finger\trackwithline\handgesture.cpp(177): warning C4244: '=' : 'double'에서 'float'(으)로 변환하면서 데이터가 손실될 수 있습니다.
     1>c:\users\onedang2\desktop\graduation\opencv\finger\trackwithline\handgesture.cpp(182): warning C4244: '초기화 중' : 'double'에서 'int'(으)로 변환하면서 데이터가 손실될 수 있습니다.
     1>c:\users\onedang2\desktop\graduation\opencv\finger\trackwithline\handgesture.cpp(210): warning C4244: '초기화 중' : 'double'에서 'float'(으)로 변환하면서 데이터가 손실될 수 있습니다.
     1>c:\users\onedang2\desktop\graduation\opencv\finger\trackwithline\handgesture.cpp(213): warning C4018: '<' : signed 또는 unsigned가 일치하지 않습니다.
     1>c:\users\onedang2\desktop\graduation\opencv\finger\trackwithline\handgesture.cpp(214): warning C4018: '<' : signed 또는 unsigned가 일치하지 않습니다.
     1>c:\users\onedang2\desktop\graduation\opencv\finger\trackwithline\handgesture.cpp(211): warning C4101: 'faridx' :참조되지 않은 지역 변수입니다.
     1>c:\users\onedang2\desktop\graduation\opencv\finger\trackwithline\handgesture.cpp(209): warning C4101: 'avgY' :참조되지 않은 지역 변수입니다.
     1>c:\users\onedang2\desktop\graduation\opencv\finger\trackwithline\handgesture.cpp(209): warning C4101: 'avgX' :참조되지 않은 지역 변수입니다.
     1>c:\users\onedang2\desktop\graduation\opencv\finger\trackwithline\handgesture.cpp(261): warning C4018: '<' : signed 또는 unsigned가 일치하지 않습니다.
       Link:
         C:\Program Files\Microsoft Visual Studio 10.0\VC\bin\link.exe /ERRORREPORT:PROMPT /OUT:"C:\Users\onedang2\Desktop\graduation\opencv\finger\Debug\trackwithline.exe" /INCREMENTAL /NOLOGO /LIBPATH:"C:\Program Files\opencv\opencv\build\x86\vc10\lib" opencv_calib3d2410d.lib opencv_contrib2410d.lib opencv_core2410d.lib opencv_features2d2410d.lib opencv_flann2410d.lib opencv_gpu2410d.lib opencv_highgui2410d.lib opencv_imgproc2410d.lib opencv_legacy2410d.lib opencv_ml2410d.lib opencv_nonfree2410d.lib opencv_objdetect2410d.lib opencv_ocl2410d.lib opencv_photo2410d.lib opencv_stitching2410d.lib opencv_superres2410d.lib opencv_ts2410d.lib opencv_video2410d.lib opencv_videostab2410d.lib kernel32.lib user32.lib gdi32.lib winspool.lib comdlg32.lib advapi32.lib shell32.lib ole32.lib oleaut32.lib uuid.lib odbc32.lib odbccp32.lib /MANIFEST /ManifestFile:"Debug\trackwithline.exe.intermediate.manifest" /MANIFESTUAC:"level='asInvoker' uiAccess='false'" /DEBUG /PDB:"C:\Users\onedang2\Desktop\graduation\opencv\finger\Debug\trackwithline.pdb" /SUBSYSTEM:CONSOLE /TLBID:1 /DYNAMICBASE /NXCOMPAT /IMPLIB:"C:\Users\onedang2\Desktop\graduation\opencv\finger\Debug\trackwithline.lib" /MACHINE:X86 Debug\handGesture.obj
         Debug\main.obj
         Debug\myImage.obj
         Debug\roi.obj
         trackwithline.vcxproj -> C:\Users\onedang2\Desktop\graduation\opencv\finger\Debug\trackwithline.exe
       Manifest:
         C:\Program Files\Microsoft SDKs\Windows\v7.0A\bin\mt.exe /nologo /verbose /out:"C:\Users\onedang2\Desktop\graduation\opencv\finger\Debug\trackwithline.exe.manifest" /manifest Debug\trackwithline.exe.intermediate.manifest
       FinalizeBuildStatus:
         "Debug\trackwithline.unsuccessfulbuild" 파일을 삭제하고 있습니다.
         "Debug\trackwithline.lastbuildstate"에 연결(touching)하고 있습니다.
     1>"C:\Users\onedang2\Desktop\graduation\opencv\finger\trackwithline\trackwithline.vcxproj" 프로젝트를 빌드했습니다(build 대상).

빌드했습니다.

경과 시간: 00:00:03.10
